Start testing: Jun 15 17:31 CEST
----------------------------------------------------------
Unable to find executable: compare_test
1/9 Testing: CompareFuzzyTest
1/9 Test: CompareFuzzyTest
Command: ""
Directory: /home/nmermigas/sel-homework_14/Ctest
"CompareFuzzyTest" start time: 
Output:
----------------------------------------------------------
<end of output>
Test time =   0.00 sec
----------------------------------------------------------
Test Passed.
"CompareFuzzyTest" end time: Jun 15 17:31 CEST
"CompareFuzzyTest" time elapsed: 00:00:00
----------------------------------------------------------

Unable to find executable: pose_test
2/9 Testing: PoseTest
2/9 Test: PoseTest
Command: ""
Directory: /home/nmermigas/sel-homework_14/Ctest
"PoseTest" start time: 
Output:
----------------------------------------------------------
<end of output>
Test time =   0.00 sec
----------------------------------------------------------
Test Passed.
"PoseTest" end time: Jun 15 17:31 CEST
"PoseTest" time elapsed: 00:00:00
----------------------------------------------------------

Unable to find executable: point_test
3/9 Testing: PointTest
3/9 Test: PointTest
Command: ""
Directory: /home/nmermigas/sel-homework_14/Ctest
"PointTest" start time: 
Output:
----------------------------------------------------------
<end of output>
Test time =   0.00 sec
----------------------------------------------------------
Test Passed.
"PointTest" end time: Jun 15 17:31 CEST
"PointTest" time elapsed: 00:00:00
----------------------------------------------------------

Unable to find executable: /home/nmermigas/sel-homework_14/Ctest/Ctest/geo_compare_test
4/9 Testing: Geo_compareTest
4/9 Test: Geo_compareTest
Command: ""
Directory: /home/nmermigas/sel-homework_14/Ctest
"Geo_compareTest" start time: 
Output:
----------------------------------------------------------
<end of output>
Test time =   0.00 sec
----------------------------------------------------------
Test Passed.
"Geo_compareTest" end time: Jun 15 17:31 CEST
"Geo_compareTest" time elapsed: 00:00:00
----------------------------------------------------------

Unable to find executable: /home/nmermigas/sel-homework_14/Ctest/Ctest/line_test
5/9 Testing: LineTest
5/9 Test: LineTest
Command: ""
Directory: /home/nmermigas/sel-homework_14/Ctest
"LineTest" start time: 
Output:
----------------------------------------------------------
<end of output>
Test time =   0.00 sec
----------------------------------------------------------
Test Passed.
"LineTest" end time: Jun 15 17:31 CEST
"LineTest" time elapsed: 00:00:00
----------------------------------------------------------

Unable to find executable: /home/nmermigas/sel-homework_14/Ctest/Ctest/angle_test
6/9 Testing: AngleTest
6/9 Test: AngleTest
Command: ""
Directory: /home/nmermigas/sel-homework_14/Ctest
"AngleTest" start time: 
Output:
----------------------------------------------------------
<end of output>
Test time =   0.00 sec
----------------------------------------------------------
Test Passed.
"AngleTest" end time: Jun 15 17:31 CEST
"AngleTest" time elapsed: 00:00:00
----------------------------------------------------------

Unable to find executable: compare_google_test_NOT_BUILT
7/9 Testing: compare_google_test_NOT_BUILT
7/9 Test: compare_google_test_NOT_BUILT
Command: ""
Directory: /home/nmermigas/sel-homework_14/Ctest/Ctest
"compare_google_test_NOT_BUILT" start time: 
Output:
----------------------------------------------------------
<end of output>
Test time =   0.00 sec
----------------------------------------------------------
Test Passed.
"compare_google_test_NOT_BUILT" end time: Jun 15 17:31 CEST
"compare_google_test_NOT_BUILT" time elapsed: 00:00:00
----------------------------------------------------------

Unable to find executable: pose_google_test_NOT_BUILT
8/9 Testing: pose_google_test_NOT_BUILT
8/9 Test: pose_google_test_NOT_BUILT
Command: ""
Directory: /home/nmermigas/sel-homework_14/Ctest/Ctest
"pose_google_test_NOT_BUILT" start time: 
Output:
----------------------------------------------------------
<end of output>
Test time =   0.00 sec
----------------------------------------------------------
Test Passed.
"pose_google_test_NOT_BUILT" end time: Jun 15 17:31 CEST
"pose_google_test_NOT_BUILT" time elapsed: 00:00:00
----------------------------------------------------------

Unable to find executable: point_google_test_NOT_BUILT
9/9 Testing: point_google_test_NOT_BUILT
9/9 Test: point_google_test_NOT_BUILT
Command: ""
Directory: /home/nmermigas/sel-homework_14/Ctest/Ctest
"point_google_test_NOT_BUILT" start time: 
Output:
----------------------------------------------------------
<end of output>
Test time =   0.00 sec
----------------------------------------------------------
Test Passed.
"point_google_test_NOT_BUILT" end time: Jun 15 17:31 CEST
"point_google_test_NOT_BUILT" time elapsed: 00:00:00
----------------------------------------------------------

End testing: Jun 15 17:31 CEST
